ERROR - 2023-09-21 08:11:10 --> Error connecting to the database: mysqli_sql_exception: Access denied for user 'root'@'localhost' (using password: YES) in /opt/lampp/htdocs/pankaj/company_x/vendor/codeigniter4/framework/system/Database/MySQLi/Connection.php:174
Stack trace:
#0 /opt/lampp/htdocs/pankaj/company_x/vendor/codeigniter4/framework/system/Database/MySQLi/Connection.php(174): mysqli->real_connect('localhost', 'root', 'root', 'company_x', 3306, '', 0)
#1 /opt/lampp/htdocs/pankaj/company_x/vendor/codeigniter4/framework/system/Database/BaseConnection.php(391): CodeIgniter\Database\MySQLi\Connection->connect(false)
#2 /opt/lampp/htdocs/pankaj/company_x/vendor/codeigniter4/framework/system/Database/BaseConnection.php(573): CodeIgniter\Database\BaseConnection->initialize()
#3 /opt/lampp/htdocs/pankaj/company_x/vendor/codeigniter4/framework/system/Database/BaseBuilder.php(1602): CodeIgniter\Database\BaseConnection->query('SELECT *\nFROM `...', Array, false)
#4 /opt/lampp/htdocs/pankaj/company_x/vendor/codeigniter4/framework/system/Model.php(240): CodeIgniter\Database\BaseBuilder->get()
#5 /opt/lampp/htdocs/pankaj/company_x/vendor/codeigniter4/framework/system/BaseModel.php(618): CodeIgniter\Model->doFindAll(0, 0)
#6 /opt/lampp/htdocs/pankaj/company_x/app/Models/NewsModel.php(14): CodeIgniter\BaseModel->findAll()
#7 /opt/lampp/htdocs/pankaj/company_x/app/Controllers/News.php(15): App\Models\NewsModel->getNews()
#8 /opt/lampp/htdocs/pankaj/company_x/vendor/codeigniter4/framework/system/CodeIgniter.php(934): App\Controllers\News->index()
#9 /opt/lampp/htdocs/pankaj/company_x/vendor/codeigniter4/framework/system/CodeIgniter.php(499): CodeIgniter\CodeIgniter->runController(Object(App\Controllers\News))
#10 /opt/lampp/htdocs/pankaj/company_x/vendor/codeigniter4/framework/system/CodeIgniter.php(368): CodeIgniter\CodeIgniter->handleRequest(NULL, Object(Config\Cache), false)
#11 /opt/lampp/htdocs/pankaj/company_x/index.php(67): CodeIgniter\CodeIgniter->run()
#12 {main}

Next CodeIgniter\Database\Exceptions\DatabaseException: Access denied for user '****'@'localhost' (using password: YES) in /opt/lampp/htdocs/pankaj/company_x/vendor/codeigniter4/framework/system/Database/MySQLi/Connection.php:218
Stack trace:
#0 /opt/lampp/htdocs/pankaj/company_x/vendor/codeigniter4/framework/system/Database/BaseConnection.php(391): CodeIgniter\Database\MySQLi\Connection->connect(false)
#1 /opt/lampp/htdocs/pankaj/company_x/vendor/codeigniter4/framework/system/Database/BaseConnection.php(573): CodeIgniter\Database\BaseConnection->initialize()
#2 /opt/lampp/htdocs/pankaj/company_x/vendor/codeigniter4/framework/system/Database/BaseBuilder.php(1602): CodeIgniter\Database\BaseConnection->query('SELECT *\nFROM `...', Array, false)
#3 /opt/lampp/htdocs/pankaj/company_x/vendor/codeigniter4/framework/system/Model.php(240): CodeIgniter\Database\BaseBuilder->get()
#4 /opt/lampp/htdocs/pankaj/company_x/vendor/codeigniter4/framework/system/BaseModel.php(618): CodeIgniter\Model->doFindAll(0, 0)
#5 /opt/lampp/htdocs/pankaj/company_x/app/Models/NewsModel.php(14): CodeIgniter\BaseModel->findAll()
#6 /opt/lampp/htdocs/pankaj/company_x/app/Controllers/News.php(15): App\Models\NewsModel->getNews()
#7 /opt/lampp/htdocs/pankaj/company_x/vendor/codeigniter4/framework/system/CodeIgniter.php(934): App\Controllers\News->index()
#8 /opt/lampp/htdocs/pankaj/company_x/vendor/codeigniter4/framework/system/CodeIgniter.php(499): CodeIgniter\CodeIgniter->runController(Object(App\Controllers\News))
#9 /opt/lampp/htdocs/pankaj/company_x/vendor/codeigniter4/framework/system/CodeIgniter.php(368): CodeIgniter\CodeIgniter->handleRequest(NULL, Object(Config\Cache), false)
#10 /opt/lampp/htdocs/pankaj/company_x/index.php(67): CodeIgniter\CodeIgniter->run()
#11 {main}
CRITICAL - 2023-09-21 08:11:10 --> Unable to connect to the database.
Main connection [MySQLi]: Access denied for user '****'@'localhost' (using password: YES)
in SYSTEMPATH/Database/BaseConnection.php on line 427.
 1 SYSTEMPATH/Database/BaseConnection.php(573): CodeIgniter\Database\BaseConnection->initialize()
 2 SYSTEMPATH/Database/BaseBuilder.php(1602): CodeIgniter\Database\BaseConnection->query('SELECT *
FROM `news`', [], false)
 3 SYSTEMPATH/Model.php(240): CodeIgniter\Database\BaseBuilder->get()
 4 SYSTEMPATH/BaseModel.php(618): CodeIgniter\Model->doFindAll(0, 0)
 5 APPPATH/Models/NewsModel.php(14): CodeIgniter\BaseModel->findAll()
 6 APPPATH/Controllers/News.php(15): App\Models\NewsModel->getNews()
 7 SYSTEMPATH/CodeIgniter.php(934): App\Controllers\News->index()
 8 SYSTEMPATH/CodeIgniter.php(499): CodeIgniter\CodeIgniter->runController(Object(App\Controllers\News))
 9 SYSTEMPATH/CodeIgniter.php(368): CodeIgniter\CodeIgniter->handleRequest(null, Object(Config\Cache), false)
10 FCPATH/index.php(67): CodeIgniter\CodeIgniter->run()
ERROR - 2023-09-21 08:12:09 --> Error connecting to the database: mysqli_sql_exception: Access denied for user 'root'@'localhost' (using password: YES) in /opt/lampp/htdocs/pankaj/company_x/vendor/codeigniter4/framework/system/Database/MySQLi/Connection.php:174
Stack trace:
#0 /opt/lampp/htdocs/pankaj/company_x/vendor/codeigniter4/framework/system/Database/MySQLi/Connection.php(174): mysqli->real_connect('localhost', 'root', 'root', 'company_x', 3306, '', 0)
#1 /opt/lampp/htdocs/pankaj/company_x/vendor/codeigniter4/framework/system/Database/BaseConnection.php(391): CodeIgniter\Database\MySQLi\Connection->connect(false)
#2 /opt/lampp/htdocs/pankaj/company_x/vendor/codeigniter4/framework/system/Database/BaseConnection.php(573): CodeIgniter\Database\BaseConnection->initialize()
#3 /opt/lampp/htdocs/pankaj/company_x/vendor/codeigniter4/framework/system/Database/BaseBuilder.php(1602): CodeIgniter\Database\BaseConnection->query('SELECT *\nFROM `...', Array, false)
#4 /opt/lampp/htdocs/pankaj/company_x/vendor/codeigniter4/framework/system/Model.php(240): CodeIgniter\Database\BaseBuilder->get()
#5 /opt/lampp/htdocs/pankaj/company_x/vendor/codeigniter4/framework/system/BaseModel.php(618): CodeIgniter\Model->doFindAll(0, 0)
#6 /opt/lampp/htdocs/pankaj/company_x/app/Models/NewsModel.php(14): CodeIgniter\BaseModel->findAll()
#7 /opt/lampp/htdocs/pankaj/company_x/app/Controllers/News.php(15): App\Models\NewsModel->getNews()
#8 /opt/lampp/htdocs/pankaj/company_x/vendor/codeigniter4/framework/system/CodeIgniter.php(934): App\Controllers\News->index()
#9 /opt/lampp/htdocs/pankaj/company_x/vendor/codeigniter4/framework/system/CodeIgniter.php(499): CodeIgniter\CodeIgniter->runController(Object(App\Controllers\News))
#10 /opt/lampp/htdocs/pankaj/company_x/vendor/codeigniter4/framework/system/CodeIgniter.php(368): CodeIgniter\CodeIgniter->handleRequest(NULL, Object(Config\Cache), false)
#11 /opt/lampp/htdocs/pankaj/company_x/index.php(67): CodeIgniter\CodeIgniter->run()
#12 {main}

Next CodeIgniter\Database\Exceptions\DatabaseException: Access denied for user '****'@'localhost' (using password: YES) in /opt/lampp/htdocs/pankaj/company_x/vendor/codeigniter4/framework/system/Database/MySQLi/Connection.php:218
Stack trace:
#0 /opt/lampp/htdocs/pankaj/company_x/vendor/codeigniter4/framework/system/Database/BaseConnection.php(391): CodeIgniter\Database\MySQLi\Connection->connect(false)
#1 /opt/lampp/htdocs/pankaj/company_x/vendor/codeigniter4/framework/system/Database/BaseConnection.php(573): CodeIgniter\Database\BaseConnection->initialize()
#2 /opt/lampp/htdocs/pankaj/company_x/vendor/codeigniter4/framework/system/Database/BaseBuilder.php(1602): CodeIgniter\Database\BaseConnection->query('SELECT *\nFROM `...', Array, false)
#3 /opt/lampp/htdocs/pankaj/company_x/vendor/codeigniter4/framework/system/Model.php(240): CodeIgniter\Database\BaseBuilder->get()
#4 /opt/lampp/htdocs/pankaj/company_x/vendor/codeigniter4/framework/system/BaseModel.php(618): CodeIgniter\Model->doFindAll(0, 0)
#5 /opt/lampp/htdocs/pankaj/company_x/app/Models/NewsModel.php(14): CodeIgniter\BaseModel->findAll()
#6 /opt/lampp/htdocs/pankaj/company_x/app/Controllers/News.php(15): App\Models\NewsModel->getNews()
#7 /opt/lampp/htdocs/pankaj/company_x/vendor/codeigniter4/framework/system/CodeIgniter.php(934): App\Controllers\News->index()
#8 /opt/lampp/htdocs/pankaj/company_x/vendor/codeigniter4/framework/system/CodeIgniter.php(499): CodeIgniter\CodeIgniter->runController(Object(App\Controllers\News))
#9 /opt/lampp/htdocs/pankaj/company_x/vendor/codeigniter4/framework/system/CodeIgniter.php(368): CodeIgniter\CodeIgniter->handleRequest(NULL, Object(Config\Cache), false)
#10 /opt/lampp/htdocs/pankaj/company_x/index.php(67): CodeIgniter\CodeIgniter->run()
#11 {main}
CRITICAL - 2023-09-21 08:12:09 --> Unable to connect to the database.
Main connection [MySQLi]: Access denied for user '****'@'localhost' (using password: YES)
in SYSTEMPATH/Database/BaseConnection.php on line 427.
 1 SYSTEMPATH/Database/BaseConnection.php(573): CodeIgniter\Database\BaseConnection->initialize()
 2 SYSTEMPATH/Database/BaseBuilder.php(1602): CodeIgniter\Database\BaseConnection->query('SELECT *
FROM `news`', [], false)
 3 SYSTEMPATH/Model.php(240): CodeIgniter\Database\BaseBuilder->get()
 4 SYSTEMPATH/BaseModel.php(618): CodeIgniter\Model->doFindAll(0, 0)
 5 APPPATH/Models/NewsModel.php(14): CodeIgniter\BaseModel->findAll()
 6 APPPATH/Controllers/News.php(15): App\Models\NewsModel->getNews()
 7 SYSTEMPATH/CodeIgniter.php(934): App\Controllers\News->index()
 8 SYSTEMPATH/CodeIgniter.php(499): CodeIgniter\CodeIgniter->runController(Object(App\Controllers\News))
 9 SYSTEMPATH/CodeIgniter.php(368): CodeIgniter\CodeIgniter->handleRequest(null, Object(Config\Cache), false)
10 FCPATH/index.php(67): CodeIgniter\CodeIgniter->run()
ERROR - 2023-09-21 08:15:26 --> Error connecting to the database: mysqli_sql_exception: Access denied for user 'root'@'localhost' (using password: YES) in /opt/lampp/htdocs/pankaj/company_x/vendor/codeigniter4/framework/system/Database/MySQLi/Connection.php:174
Stack trace:
#0 /opt/lampp/htdocs/pankaj/company_x/vendor/codeigniter4/framework/system/Database/MySQLi/Connection.php(174): mysqli->real_connect('localhost', 'root', 'root', 'company_x', 3306, '', 0)
#1 /opt/lampp/htdocs/pankaj/company_x/vendor/codeigniter4/framework/system/Database/BaseConnection.php(391): CodeIgniter\Database\MySQLi\Connection->connect(false)
#2 /opt/lampp/htdocs/pankaj/company_x/vendor/codeigniter4/framework/system/Database/BaseConnection.php(573): CodeIgniter\Database\BaseConnection->initialize()
#3 /opt/lampp/htdocs/pankaj/company_x/vendor/codeigniter4/framework/system/Database/BaseBuilder.php(1602): CodeIgniter\Database\BaseConnection->query('SELECT *\nFROM `...', Array, false)
#4 /opt/lampp/htdocs/pankaj/company_x/vendor/codeigniter4/framework/system/Model.php(240): CodeIgniter\Database\BaseBuilder->get()
#5 /opt/lampp/htdocs/pankaj/company_x/vendor/codeigniter4/framework/system/BaseModel.php(618): CodeIgniter\Model->doFindAll(0, 0)
#6 /opt/lampp/htdocs/pankaj/company_x/app/Models/NewsModel.php(14): CodeIgniter\BaseModel->findAll()
#7 /opt/lampp/htdocs/pankaj/company_x/app/Controllers/News.php(15): App\Models\NewsModel->getNews()
#8 /opt/lampp/htdocs/pankaj/company_x/vendor/codeigniter4/framework/system/CodeIgniter.php(934): App\Controllers\News->index()
#9 /opt/lampp/htdocs/pankaj/company_x/vendor/codeigniter4/framework/system/CodeIgniter.php(499): CodeIgniter\CodeIgniter->runController(Object(App\Controllers\News))
#10 /opt/lampp/htdocs/pankaj/company_x/vendor/codeigniter4/framework/system/CodeIgniter.php(368): CodeIgniter\CodeIgniter->handleRequest(NULL, Object(Config\Cache), false)
#11 /opt/lampp/htdocs/pankaj/company_x/index.php(67): CodeIgniter\CodeIgniter->run()
#12 {main}

Next CodeIgniter\Database\Exceptions\DatabaseException: Access denied for user '****'@'localhost' (using password: YES) in /opt/lampp/htdocs/pankaj/company_x/vendor/codeigniter4/framework/system/Database/MySQLi/Connection.php:218
Stack trace:
#0 /opt/lampp/htdocs/pankaj/company_x/vendor/codeigniter4/framework/system/Database/BaseConnection.php(391): CodeIgniter\Database\MySQLi\Connection->connect(false)
#1 /opt/lampp/htdocs/pankaj/company_x/vendor/codeigniter4/framework/system/Database/BaseConnection.php(573): CodeIgniter\Database\BaseConnection->initialize()
#2 /opt/lampp/htdocs/pankaj/company_x/vendor/codeigniter4/framework/system/Database/BaseBuilder.php(1602): CodeIgniter\Database\BaseConnection->query('SELECT *\nFROM `...', Array, false)
#3 /opt/lampp/htdocs/pankaj/company_x/vendor/codeigniter4/framework/system/Model.php(240): CodeIgniter\Database\BaseBuilder->get()
#4 /opt/lampp/htdocs/pankaj/company_x/vendor/codeigniter4/framework/system/BaseModel.php(618): CodeIgniter\Model->doFindAll(0, 0)
#5 /opt/lampp/htdocs/pankaj/company_x/app/Models/NewsModel.php(14): CodeIgniter\BaseModel->findAll()
#6 /opt/lampp/htdocs/pankaj/company_x/app/Controllers/News.php(15): App\Models\NewsModel->getNews()
#7 /opt/lampp/htdocs/pankaj/company_x/vendor/codeigniter4/framework/system/CodeIgniter.php(934): App\Controllers\News->index()
#8 /opt/lampp/htdocs/pankaj/company_x/vendor/codeigniter4/framework/system/CodeIgniter.php(499): CodeIgniter\CodeIgniter->runController(Object(App\Controllers\News))
#9 /opt/lampp/htdocs/pankaj/company_x/vendor/codeigniter4/framework/system/CodeIgniter.php(368): CodeIgniter\CodeIgniter->handleRequest(NULL, Object(Config\Cache), false)
#10 /opt/lampp/htdocs/pankaj/company_x/index.php(67): CodeIgniter\CodeIgniter->run()
#11 {main}
CRITICAL - 2023-09-21 08:15:26 --> Unable to connect to the database.
Main connection [MySQLi]: Access denied for user '****'@'localhost' (using password: YES)
in SYSTEMPATH/Database/BaseConnection.php on line 427.
 1 SYSTEMPATH/Database/BaseConnection.php(573): CodeIgniter\Database\BaseConnection->initialize()
 2 SYSTEMPATH/Database/BaseBuilder.php(1602): CodeIgniter\Database\BaseConnection->query('SELECT *
FROM `news`', [], false)
 3 SYSTEMPATH/Model.php(240): CodeIgniter\Database\BaseBuilder->get()
 4 SYSTEMPATH/BaseModel.php(618): CodeIgniter\Model->doFindAll(0, 0)
 5 APPPATH/Models/NewsModel.php(14): CodeIgniter\BaseModel->findAll()
 6 APPPATH/Controllers/News.php(15): App\Models\NewsModel->getNews()
 7 SYSTEMPATH/CodeIgniter.php(934): App\Controllers\News->index()
 8 SYSTEMPATH/CodeIgniter.php(499): CodeIgniter\CodeIgniter->runController(Object(App\Controllers\News))
 9 SYSTEMPATH/CodeIgniter.php(368): CodeIgniter\CodeIgniter->handleRequest(null, Object(Config\Cache), false)
10 FCPATH/index.php(67): CodeIgniter\CodeIgniter->run()
ERROR - 2023-09-21 08:15:27 --> Error connecting to the database: mysqli_sql_exception: Access denied for user 'root'@'localhost' (using password: YES) in /opt/lampp/htdocs/pankaj/company_x/vendor/codeigniter4/framework/system/Database/MySQLi/Connection.php:174
Stack trace:
#0 /opt/lampp/htdocs/pankaj/company_x/vendor/codeigniter4/framework/system/Database/MySQLi/Connection.php(174): mysqli->real_connect('localhost', 'root', 'root', 'company_x', 3306, '', 0)
#1 /opt/lampp/htdocs/pankaj/company_x/vendor/codeigniter4/framework/system/Database/BaseConnection.php(391): CodeIgniter\Database\MySQLi\Connection->connect(false)
#2 /opt/lampp/htdocs/pankaj/company_x/vendor/codeigniter4/framework/system/Database/BaseConnection.php(573): CodeIgniter\Database\BaseConnection->initialize()
#3 /opt/lampp/htdocs/pankaj/company_x/vendor/codeigniter4/framework/system/Database/BaseBuilder.php(1602): CodeIgniter\Database\BaseConnection->query('SELECT *\nFROM `...', Array, false)
#4 /opt/lampp/htdocs/pankaj/company_x/vendor/codeigniter4/framework/system/Model.php(240): CodeIgniter\Database\BaseBuilder->get()
#5 /opt/lampp/htdocs/pankaj/company_x/vendor/codeigniter4/framework/system/BaseModel.php(618): CodeIgniter\Model->doFindAll(0, 0)
#6 /opt/lampp/htdocs/pankaj/company_x/app/Models/NewsModel.php(14): CodeIgniter\BaseModel->findAll()
#7 /opt/lampp/htdocs/pankaj/company_x/app/Controllers/News.php(15): App\Models\NewsModel->getNews()
#8 /opt/lampp/htdocs/pankaj/company_x/vendor/codeigniter4/framework/system/CodeIgniter.php(934): App\Controllers\News->index()
#9 /opt/lampp/htdocs/pankaj/company_x/vendor/codeigniter4/framework/system/CodeIgniter.php(499): CodeIgniter\CodeIgniter->runController(Object(App\Controllers\News))
#10 /opt/lampp/htdocs/pankaj/company_x/vendor/codeigniter4/framework/system/CodeIgniter.php(368): CodeIgniter\CodeIgniter->handleRequest(NULL, Object(Config\Cache), false)
#11 /opt/lampp/htdocs/pankaj/company_x/index.php(67): CodeIgniter\CodeIgniter->run()
#12 {main}

Next CodeIgniter\Database\Exceptions\DatabaseException: Access denied for user '****'@'localhost' (using password: YES) in /opt/lampp/htdocs/pankaj/company_x/vendor/codeigniter4/framework/system/Database/MySQLi/Connection.php:218
Stack trace:
#0 /opt/lampp/htdocs/pankaj/company_x/vendor/codeigniter4/framework/system/Database/BaseConnection.php(391): CodeIgniter\Database\MySQLi\Connection->connect(false)
#1 /opt/lampp/htdocs/pankaj/company_x/vendor/codeigniter4/framework/system/Database/BaseConnection.php(573): CodeIgniter\Database\BaseConnection->initialize()
#2 /opt/lampp/htdocs/pankaj/company_x/vendor/codeigniter4/framework/system/Database/BaseBuilder.php(1602): CodeIgniter\Database\BaseConnection->query('SELECT *\nFROM `...', Array, false)
#3 /opt/lampp/htdocs/pankaj/company_x/vendor/codeigniter4/framework/system/Model.php(240): CodeIgniter\Database\BaseBuilder->get()
#4 /opt/lampp/htdocs/pankaj/company_x/vendor/codeigniter4/framework/system/BaseModel.php(618): CodeIgniter\Model->doFindAll(0, 0)
#5 /opt/lampp/htdocs/pankaj/company_x/app/Models/NewsModel.php(14): CodeIgniter\BaseModel->findAll()
#6 /opt/lampp/htdocs/pankaj/company_x/app/Controllers/News.php(15): App\Models\NewsModel->getNews()
#7 /opt/lampp/htdocs/pankaj/company_x/vendor/codeigniter4/framework/system/CodeIgniter.php(934): App\Controllers\News->index()
#8 /opt/lampp/htdocs/pankaj/company_x/vendor/codeigniter4/framework/system/CodeIgniter.php(499): CodeIgniter\CodeIgniter->runController(Object(App\Controllers\News))
#9 /opt/lampp/htdocs/pankaj/company_x/vendor/codeigniter4/framework/system/CodeIgniter.php(368): CodeIgniter\CodeIgniter->handleRequest(NULL, Object(Config\Cache), false)
#10 /opt/lampp/htdocs/pankaj/company_x/index.php(67): CodeIgniter\CodeIgniter->run()
#11 {main}
CRITICAL - 2023-09-21 08:15:27 --> Unable to connect to the database.
Main connection [MySQLi]: Access denied for user '****'@'localhost' (using password: YES)
in SYSTEMPATH/Database/BaseConnection.php on line 427.
 1 SYSTEMPATH/Database/BaseConnection.php(573): CodeIgniter\Database\BaseConnection->initialize()
 2 SYSTEMPATH/Database/BaseBuilder.php(1602): CodeIgniter\Database\BaseConnection->query('SELECT *
FROM `news`', [], false)
 3 SYSTEMPATH/Model.php(240): CodeIgniter\Database\BaseBuilder->get()
 4 SYSTEMPATH/BaseModel.php(618): CodeIgniter\Model->doFindAll(0, 0)
 5 APPPATH/Models/NewsModel.php(14): CodeIgniter\BaseModel->findAll()
 6 APPPATH/Controllers/News.php(15): App\Models\NewsModel->getNews()
 7 SYSTEMPATH/CodeIgniter.php(934): App\Controllers\News->index()
 8 SYSTEMPATH/CodeIgniter.php(499): CodeIgniter\CodeIgniter->runController(Object(App\Controllers\News))
 9 SYSTEMPATH/CodeIgniter.php(368): CodeIgniter\CodeIgniter->handleRequest(null, Object(Config\Cache), false)
10 FCPATH/index.php(67): CodeIgniter\CodeIgniter->run()
ERROR - 2023-09-21 08:15:28 --> Error connecting to the database: mysqli_sql_exception: Access denied for user 'root'@'localhost' (using password: YES) in /opt/lampp/htdocs/pankaj/company_x/vendor/codeigniter4/framework/system/Database/MySQLi/Connection.php:174
Stack trace:
#0 /opt/lampp/htdocs/pankaj/company_x/vendor/codeigniter4/framework/system/Database/MySQLi/Connection.php(174): mysqli->real_connect('localhost', 'root', 'root', 'company_x', 3306, '', 0)
#1 /opt/lampp/htdocs/pankaj/company_x/vendor/codeigniter4/framework/system/Database/BaseConnection.php(391): CodeIgniter\Database\MySQLi\Connection->connect(false)
#2 /opt/lampp/htdocs/pankaj/company_x/vendor/codeigniter4/framework/system/Database/BaseConnection.php(573): CodeIgniter\Database\BaseConnection->initialize()
#3 /opt/lampp/htdocs/pankaj/company_x/vendor/codeigniter4/framework/system/Database/BaseBuilder.php(1602): CodeIgniter\Database\BaseConnection->query('SELECT *\nFROM `...', Array, false)
#4 /opt/lampp/htdocs/pankaj/company_x/vendor/codeigniter4/framework/system/Model.php(240): CodeIgniter\Database\BaseBuilder->get()
#5 /opt/lampp/htdocs/pankaj/company_x/vendor/codeigniter4/framework/system/BaseModel.php(618): CodeIgniter\Model->doFindAll(0, 0)
#6 /opt/lampp/htdocs/pankaj/company_x/app/Models/NewsModel.php(14): CodeIgniter\BaseModel->findAll()
#7 /opt/lampp/htdocs/pankaj/company_x/app/Controllers/News.php(15): App\Models\NewsModel->getNews()
#8 /opt/lampp/htdocs/pankaj/company_x/vendor/codeigniter4/framework/system/CodeIgniter.php(934): App\Controllers\News->index()
#9 /opt/lampp/htdocs/pankaj/company_x/vendor/codeigniter4/framework/system/CodeIgniter.php(499): CodeIgniter\CodeIgniter->runController(Object(App\Controllers\News))
#10 /opt/lampp/htdocs/pankaj/company_x/vendor/codeigniter4/framework/system/CodeIgniter.php(368): CodeIgniter\CodeIgniter->handleRequest(NULL, Object(Config\Cache), false)
#11 /opt/lampp/htdocs/pankaj/company_x/index.php(67): CodeIgniter\CodeIgniter->run()
#12 {main}

Next CodeIgniter\Database\Exceptions\DatabaseException: Access denied for user '****'@'localhost' (using password: YES) in /opt/lampp/htdocs/pankaj/company_x/vendor/codeigniter4/framework/system/Database/MySQLi/Connection.php:218
Stack trace:
#0 /opt/lampp/htdocs/pankaj/company_x/vendor/codeigniter4/framework/system/Database/BaseConnection.php(391): CodeIgniter\Database\MySQLi\Connection->connect(false)
#1 /opt/lampp/htdocs/pankaj/company_x/vendor/codeigniter4/framework/system/Database/BaseConnection.php(573): CodeIgniter\Database\BaseConnection->initialize()
#2 /opt/lampp/htdocs/pankaj/company_x/vendor/codeigniter4/framework/system/Database/BaseBuilder.php(1602): CodeIgniter\Database\BaseConnection->query('SELECT *\nFROM `...', Array, false)
#3 /opt/lampp/htdocs/pankaj/company_x/vendor/codeigniter4/framework/system/Model.php(240): CodeIgniter\Database\BaseBuilder->get()
#4 /opt/lampp/htdocs/pankaj/company_x/vendor/codeigniter4/framework/system/BaseModel.php(618): CodeIgniter\Model->doFindAll(0, 0)
#5 /opt/lampp/htdocs/pankaj/company_x/app/Models/NewsModel.php(14): CodeIgniter\BaseModel->findAll()
#6 /opt/lampp/htdocs/pankaj/company_x/app/Controllers/News.php(15): App\Models\NewsModel->getNews()
#7 /opt/lampp/htdocs/pankaj/company_x/vendor/codeigniter4/framework/system/CodeIgniter.php(934): App\Controllers\News->index()
#8 /opt/lampp/htdocs/pankaj/company_x/vendor/codeigniter4/framework/system/CodeIgniter.php(499): CodeIgniter\CodeIgniter->runController(Object(App\Controllers\News))
#9 /opt/lampp/htdocs/pankaj/company_x/vendor/codeigniter4/framework/system/CodeIgniter.php(368): CodeIgniter\CodeIgniter->handleRequest(NULL, Object(Config\Cache), false)
#10 /opt/lampp/htdocs/pankaj/company_x/index.php(67): CodeIgniter\CodeIgniter->run()
#11 {main}
CRITICAL - 2023-09-21 08:15:28 --> Unable to connect to the database.
Main connection [MySQLi]: Access denied for user '****'@'localhost' (using password: YES)
in SYSTEMPATH/Database/BaseConnection.php on line 427.
 1 SYSTEMPATH/Database/BaseConnection.php(573): CodeIgniter\Database\BaseConnection->initialize()
 2 SYSTEMPATH/Database/BaseBuilder.php(1602): CodeIgniter\Database\BaseConnection->query('SELECT *
FROM `news`', [], false)
 3 SYSTEMPATH/Model.php(240): CodeIgniter\Database\BaseBuilder->get()
 4 SYSTEMPATH/BaseModel.php(618): CodeIgniter\Model->doFindAll(0, 0)
 5 APPPATH/Models/NewsModel.php(14): CodeIgniter\BaseModel->findAll()
 6 APPPATH/Controllers/News.php(15): App\Models\NewsModel->getNews()
 7 SYSTEMPATH/CodeIgniter.php(934): App\Controllers\News->index()
 8 SYSTEMPATH/CodeIgniter.php(499): CodeIgniter\CodeIgniter->runController(Object(App\Controllers\News))
 9 SYSTEMPATH/CodeIgniter.php(368): CodeIgniter\CodeIgniter->handleRequest(null, Object(Config\Cache), false)
10 FCPATH/index.php(67): CodeIgniter\CodeIgniter->run()
ERROR - 2023-09-21 08:15:28 --> Error connecting to the database: mysqli_sql_exception: Access denied for user 'root'@'localhost' (using password: YES) in /opt/lampp/htdocs/pankaj/company_x/vendor/codeigniter4/framework/system/Database/MySQLi/Connection.php:174
Stack trace:
#0 /opt/lampp/htdocs/pankaj/company_x/vendor/codeigniter4/framework/system/Database/MySQLi/Connection.php(174): mysqli->real_connect('localhost', 'root', 'root', 'company_x', 3306, '', 0)
#1 /opt/lampp/htdocs/pankaj/company_x/vendor/codeigniter4/framework/system/Database/BaseConnection.php(391): CodeIgniter\Database\MySQLi\Connection->connect(false)
#2 /opt/lampp/htdocs/pankaj/company_x/vendor/codeigniter4/framework/system/Database/BaseConnection.php(573): CodeIgniter\Database\BaseConnection->initialize()
#3 /opt/lampp/htdocs/pankaj/company_x/vendor/codeigniter4/framework/system/Database/BaseBuilder.php(1602): CodeIgniter\Database\BaseConnection->query('SELECT *\nFROM `...', Array, false)
#4 /opt/lampp/htdocs/pankaj/company_x/vendor/codeigniter4/framework/system/Model.php(240): CodeIgniter\Database\BaseBuilder->get()
#5 /opt/lampp/htdocs/pankaj/company_x/vendor/codeigniter4/framework/system/BaseModel.php(618): CodeIgniter\Model->doFindAll(0, 0)
#6 /opt/lampp/htdocs/pankaj/company_x/app/Models/NewsModel.php(14): CodeIgniter\BaseModel->findAll()
#7 /opt/lampp/htdocs/pankaj/company_x/app/Controllers/News.php(15): App\Models\NewsModel->getNews()
#8 /opt/lampp/htdocs/pankaj/company_x/vendor/codeigniter4/framework/system/CodeIgniter.php(934): App\Controllers\News->index()
#9 /opt/lampp/htdocs/pankaj/company_x/vendor/codeigniter4/framework/system/CodeIgniter.php(499): CodeIgniter\CodeIgniter->runController(Object(App\Controllers\News))
#10 /opt/lampp/htdocs/pankaj/company_x/vendor/codeigniter4/framework/system/CodeIgniter.php(368): CodeIgniter\CodeIgniter->handleRequest(NULL, Object(Config\Cache), false)
#11 /opt/lampp/htdocs/pankaj/company_x/index.php(67): CodeIgniter\CodeIgniter->run()
#12 {main}

Next CodeIgniter\Database\Exceptions\DatabaseException: Access denied for user '****'@'localhost' (using password: YES) in /opt/lampp/htdocs/pankaj/company_x/vendor/codeigniter4/framework/system/Database/MySQLi/Connection.php:218
Stack trace:
#0 /opt/lampp/htdocs/pankaj/company_x/vendor/codeigniter4/framework/system/Database/BaseConnection.php(391): CodeIgniter\Database\MySQLi\Connection->connect(false)
#1 /opt/lampp/htdocs/pankaj/company_x/vendor/codeigniter4/framework/system/Database/BaseConnection.php(573): CodeIgniter\Database\BaseConnection->initialize()
#2 /opt/lampp/htdocs/pankaj/company_x/vendor/codeigniter4/framework/system/Database/BaseBuilder.php(1602): CodeIgniter\Database\BaseConnection->query('SELECT *\nFROM `...', Array, false)
#3 /opt/lampp/htdocs/pankaj/company_x/vendor/codeigniter4/framework/system/Model.php(240): CodeIgniter\Database\BaseBuilder->get()
#4 /opt/lampp/htdocs/pankaj/company_x/vendor/codeigniter4/framework/system/BaseModel.php(618): CodeIgniter\Model->doFindAll(0, 0)
#5 /opt/lampp/htdocs/pankaj/company_x/app/Models/NewsModel.php(14): CodeIgniter\BaseModel->findAll()
#6 /opt/lampp/htdocs/pankaj/company_x/app/Controllers/News.php(15): App\Models\NewsModel->getNews()
#7 /opt/lampp/htdocs/pankaj/company_x/vendor/codeigniter4/framework/system/CodeIgniter.php(934): App\Controllers\News->index()
#8 /opt/lampp/htdocs/pankaj/company_x/vendor/codeigniter4/framework/system/CodeIgniter.php(499): CodeIgniter\CodeIgniter->runController(Object(App\Controllers\News))
#9 /opt/lampp/htdocs/pankaj/company_x/vendor/codeigniter4/framework/system/CodeIgniter.php(368): CodeIgniter\CodeIgniter->handleRequest(NULL, Object(Config\Cache), false)
#10 /opt/lampp/htdocs/pankaj/company_x/index.php(67): CodeIgniter\CodeIgniter->run()
#11 {main}
CRITICAL - 2023-09-21 08:15:28 --> Unable to connect to the database.
Main connection [MySQLi]: Access denied for user '****'@'localhost' (using password: YES)
in SYSTEMPATH/Database/BaseConnection.php on line 427.
 1 SYSTEMPATH/Database/BaseConnection.php(573): CodeIgniter\Database\BaseConnection->initialize()
 2 SYSTEMPATH/Database/BaseBuilder.php(1602): CodeIgniter\Database\BaseConnection->query('SELECT *
FROM `news`', [], false)
 3 SYSTEMPATH/Model.php(240): CodeIgniter\Database\BaseBuilder->get()
 4 SYSTEMPATH/BaseModel.php(618): CodeIgniter\Model->doFindAll(0, 0)
 5 APPPATH/Models/NewsModel.php(14): CodeIgniter\BaseModel->findAll()
 6 APPPATH/Controllers/News.php(15): App\Models\NewsModel->getNews()
 7 SYSTEMPATH/CodeIgniter.php(934): App\Controllers\News->index()
 8 SYSTEMPATH/CodeIgniter.php(499): CodeIgniter\CodeIgniter->runController(Object(App\Controllers\News))
 9 SYSTEMPATH/CodeIgniter.php(368): CodeIgniter\CodeIgniter->handleRequest(null, Object(Config\Cache), false)
10 FCPATH/index.php(67): CodeIgniter\CodeIgniter->run()
ERROR - 2023-09-21 08:15:28 --> Error connecting to the database: mysqli_sql_exception: Access denied for user 'root'@'localhost' (using password: YES) in /opt/lampp/htdocs/pankaj/company_x/vendor/codeigniter4/framework/system/Database/MySQLi/Connection.php:174
Stack trace:
#0 /opt/lampp/htdocs/pankaj/company_x/vendor/codeigniter4/framework/system/Database/MySQLi/Connection.php(174): mysqli->real_connect('localhost', 'root', 'root', 'company_x', 3306, '', 0)
#1 /opt/lampp/htdocs/pankaj/company_x/vendor/codeigniter4/framework/system/Database/BaseConnection.php(391): CodeIgniter\Database\MySQLi\Connection->connect(false)
#2 /opt/lampp/htdocs/pankaj/company_x/vendor/codeigniter4/framework/system/Database/BaseConnection.php(573): CodeIgniter\Database\BaseConnection->initialize()
#3 /opt/lampp/htdocs/pankaj/company_x/vendor/codeigniter4/framework/system/Database/BaseBuilder.php(1602): CodeIgniter\Database\BaseConnection->query('SELECT *\nFROM `...', Array, false)
#4 /opt/lampp/htdocs/pankaj/company_x/vendor/codeigniter4/framework/system/Model.php(240): CodeIgniter\Database\BaseBuilder->get()
#5 /opt/lampp/htdocs/pankaj/company_x/vendor/codeigniter4/framework/system/BaseModel.php(618): CodeIgniter\Model->doFindAll(0, 0)
#6 /opt/lampp/htdocs/pankaj/company_x/app/Models/NewsModel.php(14): CodeIgniter\BaseModel->findAll()
#7 /opt/lampp/htdocs/pankaj/company_x/app/Controllers/News.php(15): App\Models\NewsModel->getNews()
#8 /opt/lampp/htdocs/pankaj/company_x/vendor/codeigniter4/framework/system/CodeIgniter.php(934): App\Controllers\News->index()
#9 /opt/lampp/htdocs/pankaj/company_x/vendor/codeigniter4/framework/system/CodeIgniter.php(499): CodeIgniter\CodeIgniter->runController(Object(App\Controllers\News))
#10 /opt/lampp/htdocs/pankaj/company_x/vendor/codeigniter4/framework/system/CodeIgniter.php(368): CodeIgniter\CodeIgniter->handleRequest(NULL, Object(Config\Cache), false)
#11 /opt/lampp/htdocs/pankaj/company_x/index.php(67): CodeIgniter\CodeIgniter->run()
#12 {main}

Next CodeIgniter\Database\Exceptions\DatabaseException: Access denied for user '****'@'localhost' (using password: YES) in /opt/lampp/htdocs/pankaj/company_x/vendor/codeigniter4/framework/system/Database/MySQLi/Connection.php:218
Stack trace:
#0 /opt/lampp/htdocs/pankaj/company_x/vendor/codeigniter4/framework/system/Database/BaseConnection.php(391): CodeIgniter\Database\MySQLi\Connection->connect(false)
#1 /opt/lampp/htdocs/pankaj/company_x/vendor/codeigniter4/framework/system/Database/BaseConnection.php(573): CodeIgniter\Database\BaseConnection->initialize()
#2 /opt/lampp/htdocs/pankaj/company_x/vendor/codeigniter4/framework/system/Database/BaseBuilder.php(1602): CodeIgniter\Database\BaseConnection->query('SELECT *\nFROM `...', Array, false)
#3 /opt/lampp/htdocs/pankaj/company_x/vendor/codeigniter4/framework/system/Model.php(240): CodeIgniter\Database\BaseBuilder->get()
#4 /opt/lampp/htdocs/pankaj/company_x/vendor/codeigniter4/framework/system/BaseModel.php(618): CodeIgniter\Model->doFindAll(0, 0)
#5 /opt/lampp/htdocs/pankaj/company_x/app/Models/NewsModel.php(14): CodeIgniter\BaseModel->findAll()
#6 /opt/lampp/htdocs/pankaj/company_x/app/Controllers/News.php(15): App\Models\NewsModel->getNews()
#7 /opt/lampp/htdocs/pankaj/company_x/vendor/codeigniter4/framework/system/CodeIgniter.php(934): App\Controllers\News->index()
#8 /opt/lampp/htdocs/pankaj/company_x/vendor/codeigniter4/framework/system/CodeIgniter.php(499): CodeIgniter\CodeIgniter->runController(Object(App\Controllers\News))
#9 /opt/lampp/htdocs/pankaj/company_x/vendor/codeigniter4/framework/system/CodeIgniter.php(368): CodeIgniter\CodeIgniter->handleRequest(NULL, Object(Config\Cache), false)
#10 /opt/lampp/htdocs/pankaj/company_x/index.php(67): CodeIgniter\CodeIgniter->run()
#11 {main}
CRITICAL - 2023-09-21 08:15:28 --> Unable to connect to the database.
Main connection [MySQLi]: Access denied for user '****'@'localhost' (using password: YES)
in SYSTEMPATH/Database/BaseConnection.php on line 427.
 1 SYSTEMPATH/Database/BaseConnection.php(573): CodeIgniter\Database\BaseConnection->initialize()
 2 SYSTEMPATH/Database/BaseBuilder.php(1602): CodeIgniter\Database\BaseConnection->query('SELECT *
FROM `news`', [], false)
 3 SYSTEMPATH/Model.php(240): CodeIgniter\Database\BaseBuilder->get()
 4 SYSTEMPATH/BaseModel.php(618): CodeIgniter\Model->doFindAll(0, 0)
 5 APPPATH/Models/NewsModel.php(14): CodeIgniter\BaseModel->findAll()
 6 APPPATH/Controllers/News.php(15): App\Models\NewsModel->getNews()
 7 SYSTEMPATH/CodeIgniter.php(934): App\Controllers\News->index()
 8 SYSTEMPATH/CodeIgniter.php(499): CodeIgniter\CodeIgniter->runController(Object(App\Controllers\News))
 9 SYSTEMPATH/CodeIgniter.php(368): CodeIgniter\CodeIgniter->handleRequest(null, Object(Config\Cache), false)
10 FCPATH/index.php(67): CodeIgniter\CodeIgniter->run()
ERROR - 2023-09-21 08:15:28 --> Error connecting to the database: mysqli_sql_exception: Access denied for user 'root'@'localhost' (using password: YES) in /opt/lampp/htdocs/pankaj/company_x/vendor/codeigniter4/framework/system/Database/MySQLi/Connection.php:174
Stack trace:
#0 /opt/lampp/htdocs/pankaj/company_x/vendor/codeigniter4/framework/system/Database/MySQLi/Connection.php(174): mysqli->real_connect('localhost', 'root', 'root', 'company_x', 3306, '', 0)
#1 /opt/lampp/htdocs/pankaj/company_x/vendor/codeigniter4/framework/system/Database/BaseConnection.php(391): CodeIgniter\Database\MySQLi\Connection->connect(false)
#2 /opt/lampp/htdocs/pankaj/company_x/vendor/codeigniter4/framework/system/Database/BaseConnection.php(573): CodeIgniter\Database\BaseConnection->initialize()
#3 /opt/lampp/htdocs/pankaj/company_x/vendor/codeigniter4/framework/system/Database/BaseBuilder.php(1602): CodeIgniter\Database\BaseConnection->query('SELECT *\nFROM `...', Array, false)
#4 /opt/lampp/htdocs/pankaj/company_x/vendor/codeigniter4/framework/system/Model.php(240): CodeIgniter\Database\BaseBuilder->get()
#5 /opt/lampp/htdocs/pankaj/company_x/vendor/codeigniter4/framework/system/BaseModel.php(618): CodeIgniter\Model->doFindAll(0, 0)
#6 /opt/lampp/htdocs/pankaj/company_x/app/Models/NewsModel.php(14): CodeIgniter\BaseModel->findAll()
#7 /opt/lampp/htdocs/pankaj/company_x/app/Controllers/News.php(15): App\Models\NewsModel->getNews()
#8 /opt/lampp/htdocs/pankaj/company_x/vendor/codeigniter4/framework/system/CodeIgniter.php(934): App\Controllers\News->index()
#9 /opt/lampp/htdocs/pankaj/company_x/vendor/codeigniter4/framework/system/CodeIgniter.php(499): CodeIgniter\CodeIgniter->runController(Object(App\Controllers\News))
#10 /opt/lampp/htdocs/pankaj/company_x/vendor/codeigniter4/framework/system/CodeIgniter.php(368): CodeIgniter\CodeIgniter->handleRequest(NULL, Object(Config\Cache), false)
#11 /opt/lampp/htdocs/pankaj/company_x/index.php(67): CodeIgniter\CodeIgniter->run()
#12 {main}

Next CodeIgniter\Database\Exceptions\DatabaseException: Access denied for user '****'@'localhost' (using password: YES) in /opt/lampp/htdocs/pankaj/company_x/vendor/codeigniter4/framework/system/Database/MySQLi/Connection.php:218
Stack trace:
#0 /opt/lampp/htdocs/pankaj/company_x/vendor/codeigniter4/framework/system/Database/BaseConnection.php(391): CodeIgniter\Database\MySQLi\Connection->connect(false)
#1 /opt/lampp/htdocs/pankaj/company_x/vendor/codeigniter4/framework/system/Database/BaseConnection.php(573): CodeIgniter\Database\BaseConnection->initialize()
#2 /opt/lampp/htdocs/pankaj/company_x/vendor/codeigniter4/framework/system/Database/BaseBuilder.php(1602): CodeIgniter\Database\BaseConnection->query('SELECT *\nFROM `...', Array, false)
#3 /opt/lampp/htdocs/pankaj/company_x/vendor/codeigniter4/framework/system/Model.php(240): CodeIgniter\Database\BaseBuilder->get()
#4 /opt/lampp/htdocs/pankaj/company_x/vendor/codeigniter4/framework/system/BaseModel.php(618): CodeIgniter\Model->doFindAll(0, 0)
#5 /opt/lampp/htdocs/pankaj/company_x/app/Models/NewsModel.php(14): CodeIgniter\BaseModel->findAll()
#6 /opt/lampp/htdocs/pankaj/company_x/app/Controllers/News.php(15): App\Models\NewsModel->getNews()
#7 /opt/lampp/htdocs/pankaj/company_x/vendor/codeigniter4/framework/system/CodeIgniter.php(934): App\Controllers\News->index()
#8 /opt/lampp/htdocs/pankaj/company_x/vendor/codeigniter4/framework/system/CodeIgniter.php(499): CodeIgniter\CodeIgniter->runController(Object(App\Controllers\News))
#9 /opt/lampp/htdocs/pankaj/company_x/vendor/codeigniter4/framework/system/CodeIgniter.php(368): CodeIgniter\CodeIgniter->handleRequest(NULL, Object(Config\Cache), false)
#10 /opt/lampp/htdocs/pankaj/company_x/index.php(67): CodeIgniter\CodeIgniter->run()
#11 {main}
CRITICAL - 2023-09-21 08:15:28 --> Unable to connect to the database.
Main connection [MySQLi]: Access denied for user '****'@'localhost' (using password: YES)
in SYSTEMPATH/Database/BaseConnection.php on line 427.
 1 SYSTEMPATH/Database/BaseConnection.php(573): CodeIgniter\Database\BaseConnection->initialize()
 2 SYSTEMPATH/Database/BaseBuilder.php(1602): CodeIgniter\Database\BaseConnection->query('SELECT *
FROM `news`', [], false)
 3 SYSTEMPATH/Model.php(240): CodeIgniter\Database\BaseBuilder->get()
 4 SYSTEMPATH/BaseModel.php(618): CodeIgniter\Model->doFindAll(0, 0)
 5 APPPATH/Models/NewsModel.php(14): CodeIgniter\BaseModel->findAll()
 6 APPPATH/Controllers/News.php(15): App\Models\NewsModel->getNews()
 7 SYSTEMPATH/CodeIgniter.php(934): App\Controllers\News->index()
 8 SYSTEMPATH/CodeIgniter.php(499): CodeIgniter\CodeIgniter->runController(Object(App\Controllers\News))
 9 SYSTEMPATH/CodeIgniter.php(368): CodeIgniter\CodeIgniter->handleRequest(null, Object(Config\Cache), false)
10 FCPATH/index.php(67): CodeIgniter\CodeIgniter->run()
ERROR - 2023-09-21 08:15:29 --> Error connecting to the database: mysqli_sql_exception: Access denied for user 'root'@'localhost' (using password: YES) in /opt/lampp/htdocs/pankaj/company_x/vendor/codeigniter4/framework/system/Database/MySQLi/Connection.php:174
Stack trace:
#0 /opt/lampp/htdocs/pankaj/company_x/vendor/codeigniter4/framework/system/Database/MySQLi/Connection.php(174): mysqli->real_connect('localhost', 'root', 'root', 'company_x', 3306, '', 0)
#1 /opt/lampp/htdocs/pankaj/company_x/vendor/codeigniter4/framework/system/Database/BaseConnection.php(391): CodeIgniter\Database\MySQLi\Connection->connect(false)
#2 /opt/lampp/htdocs/pankaj/company_x/vendor/codeigniter4/framework/system/Database/BaseConnection.php(573): CodeIgniter\Database\BaseConnection->initialize()
#3 /opt/lampp/htdocs/pankaj/company_x/vendor/codeigniter4/framework/system/Database/BaseBuilder.php(1602): CodeIgniter\Database\BaseConnection->query('SELECT *\nFROM `...', Array, false)
#4 /opt/lampp/htdocs/pankaj/company_x/vendor/codeigniter4/framework/system/Model.php(240): CodeIgniter\Database\BaseBuilder->get()
#5 /opt/lampp/htdocs/pankaj/company_x/vendor/codeigniter4/framework/system/BaseModel.php(618): CodeIgniter\Model->doFindAll(0, 0)
#6 /opt/lampp/htdocs/pankaj/company_x/app/Models/NewsModel.php(14): CodeIgniter\BaseModel->findAll()
#7 /opt/lampp/htdocs/pankaj/company_x/app/Controllers/News.php(15): App\Models\NewsModel->getNews()
#8 /opt/lampp/htdocs/pankaj/company_x/vendor/codeigniter4/framework/system/CodeIgniter.php(934): App\Controllers\News->index()
#9 /opt/lampp/htdocs/pankaj/company_x/vendor/codeigniter4/framework/system/CodeIgniter.php(499): CodeIgniter\CodeIgniter->runController(Object(App\Controllers\News))
#10 /opt/lampp/htdocs/pankaj/company_x/vendor/codeigniter4/framework/system/CodeIgniter.php(368): CodeIgniter\CodeIgniter->handleRequest(NULL, Object(Config\Cache), false)
#11 /opt/lampp/htdocs/pankaj/company_x/index.php(67): CodeIgniter\CodeIgniter->run()
#12 {main}

Next CodeIgniter\Database\Exceptions\DatabaseException: Access denied for user '****'@'localhost' (using password: YES) in /opt/lampp/htdocs/pankaj/company_x/vendor/codeigniter4/framework/system/Database/MySQLi/Connection.php:218
Stack trace:
#0 /opt/lampp/htdocs/pankaj/company_x/vendor/codeigniter4/framework/system/Database/BaseConnection.php(391): CodeIgniter\Database\MySQLi\Connection->connect(false)
#1 /opt/lampp/htdocs/pankaj/company_x/vendor/codeigniter4/framework/system/Database/BaseConnection.php(573): CodeIgniter\Database\BaseConnection->initialize()
#2 /opt/lampp/htdocs/pankaj/company_x/vendor/codeigniter4/framework/system/Database/BaseBuilder.php(1602): CodeIgniter\Database\BaseConnection->query('SELECT *\nFROM `...', Array, false)
#3 /opt/lampp/htdocs/pankaj/company_x/vendor/codeigniter4/framework/system/Model.php(240): CodeIgniter\Database\BaseBuilder->get()
#4 /opt/lampp/htdocs/pankaj/company_x/vendor/codeigniter4/framework/system/BaseModel.php(618): CodeIgniter\Model->doFindAll(0, 0)
#5 /opt/lampp/htdocs/pankaj/company_x/app/Models/NewsModel.php(14): CodeIgniter\BaseModel->findAll()
#6 /opt/lampp/htdocs/pankaj/company_x/app/Controllers/News.php(15): App\Models\NewsModel->getNews()
#7 /opt/lampp/htdocs/pankaj/company_x/vendor/codeigniter4/framework/system/CodeIgniter.php(934): App\Controllers\News->index()
#8 /opt/lampp/htdocs/pankaj/company_x/vendor/codeigniter4/framework/system/CodeIgniter.php(499): CodeIgniter\CodeIgniter->runController(Object(App\Controllers\News))
#9 /opt/lampp/htdocs/pankaj/company_x/vendor/codeigniter4/framework/system/CodeIgniter.php(368): CodeIgniter\CodeIgniter->handleRequest(NULL, Object(Config\Cache), false)
#10 /opt/lampp/htdocs/pankaj/company_x/index.php(67): CodeIgniter\CodeIgniter->run()
#11 {main}
CRITICAL - 2023-09-21 08:15:29 --> Unable to connect to the database.
Main connection [MySQLi]: Access denied for user '****'@'localhost' (using password: YES)
in SYSTEMPATH/Database/BaseConnection.php on line 427.
 1 SYSTEMPATH/Database/BaseConnection.php(573): CodeIgniter\Database\BaseConnection->initialize()
 2 SYSTEMPATH/Database/BaseBuilder.php(1602): CodeIgniter\Database\BaseConnection->query('SELECT *
FROM `news`', [], false)
 3 SYSTEMPATH/Model.php(240): CodeIgniter\Database\BaseBuilder->get()
 4 SYSTEMPATH/BaseModel.php(618): CodeIgniter\Model->doFindAll(0, 0)
 5 APPPATH/Models/NewsModel.php(14): CodeIgniter\BaseModel->findAll()
 6 APPPATH/Controllers/News.php(15): App\Models\NewsModel->getNews()
 7 SYSTEMPATH/CodeIgniter.php(934): App\Controllers\News->index()
 8 SYSTEMPATH/CodeIgniter.php(499): CodeIgniter\CodeIgniter->runController(Object(App\Controllers\News))
 9 SYSTEMPATH/CodeIgniter.php(368): CodeIgniter\CodeIgniter->handleRequest(null, Object(Config\Cache), false)
10 FCPATH/index.php(67): CodeIgniter\CodeIgniter->run()
ERROR - 2023-09-21 08:16:44 --> Error connecting to the database: mysqli_sql_exception: Access denied for user 'root'@'localhost' (using password: YES) in /opt/lampp/htdocs/pankaj/company_x/vendor/codeigniter4/framework/system/Database/MySQLi/Connection.php:174
Stack trace:
#0 /opt/lampp/htdocs/pankaj/company_x/vendor/codeigniter4/framework/system/Database/MySQLi/Connection.php(174): mysqli->real_connect('localhost', 'root', 'root', 'company_x', 3306, '', 0)
#1 /opt/lampp/htdocs/pankaj/company_x/vendor/codeigniter4/framework/system/Database/BaseConnection.php(391): CodeIgniter\Database\MySQLi\Connection->connect(false)
#2 /opt/lampp/htdocs/pankaj/company_x/vendor/codeigniter4/framework/system/Database/BaseConnection.php(573): CodeIgniter\Database\BaseConnection->initialize()
#3 /opt/lampp/htdocs/pankaj/company_x/vendor/codeigniter4/framework/system/Database/BaseBuilder.php(1602): CodeIgniter\Database\BaseConnection->query('SELECT *\nFROM `...', Array, false)
#4 /opt/lampp/htdocs/pankaj/company_x/vendor/codeigniter4/framework/system/Model.php(240): CodeIgniter\Database\BaseBuilder->get()
#5 /opt/lampp/htdocs/pankaj/company_x/vendor/codeigniter4/framework/system/BaseModel.php(618): CodeIgniter\Model->doFindAll(0, 0)
#6 /opt/lampp/htdocs/pankaj/company_x/app/Models/NewsModel.php(14): CodeIgniter\BaseModel->findAll()
#7 /opt/lampp/htdocs/pankaj/company_x/app/Controllers/News.php(15): App\Models\NewsModel->getNews()
#8 /opt/lampp/htdocs/pankaj/company_x/vendor/codeigniter4/framework/system/CodeIgniter.php(934): App\Controllers\News->index()
#9 /opt/lampp/htdocs/pankaj/company_x/vendor/codeigniter4/framework/system/CodeIgniter.php(499): CodeIgniter\CodeIgniter->runController(Object(App\Controllers\News))
#10 /opt/lampp/htdocs/pankaj/company_x/vendor/codeigniter4/framework/system/CodeIgniter.php(368): CodeIgniter\CodeIgniter->handleRequest(NULL, Object(Config\Cache), false)
#11 /opt/lampp/htdocs/pankaj/company_x/index.php(67): CodeIgniter\CodeIgniter->run()
#12 {main}

Next CodeIgniter\Database\Exceptions\DatabaseException: Access denied for user '****'@'localhost' (using password: YES) in /opt/lampp/htdocs/pankaj/company_x/vendor/codeigniter4/framework/system/Database/MySQLi/Connection.php:218
Stack trace:
#0 /opt/lampp/htdocs/pankaj/company_x/vendor/codeigniter4/framework/system/Database/BaseConnection.php(391): CodeIgniter\Database\MySQLi\Connection->connect(false)
#1 /opt/lampp/htdocs/pankaj/company_x/vendor/codeigniter4/framework/system/Database/BaseConnection.php(573): CodeIgniter\Database\BaseConnection->initialize()
#2 /opt/lampp/htdocs/pankaj/company_x/vendor/codeigniter4/framework/system/Database/BaseBuilder.php(1602): CodeIgniter\Database\BaseConnection->query('SELECT *\nFROM `...', Array, false)
#3 /opt/lampp/htdocs/pankaj/company_x/vendor/codeigniter4/framework/system/Model.php(240): CodeIgniter\Database\BaseBuilder->get()
#4 /opt/lampp/htdocs/pankaj/company_x/vendor/codeigniter4/framework/system/BaseModel.php(618): CodeIgniter\Model->doFindAll(0, 0)
#5 /opt/lampp/htdocs/pankaj/company_x/app/Models/NewsModel.php(14): CodeIgniter\BaseModel->findAll()
#6 /opt/lampp/htdocs/pankaj/company_x/app/Controllers/News.php(15): App\Models\NewsModel->getNews()
#7 /opt/lampp/htdocs/pankaj/company_x/vendor/codeigniter4/framework/system/CodeIgniter.php(934): App\Controllers\News->index()
#8 /opt/lampp/htdocs/pankaj/company_x/vendor/codeigniter4/framework/system/CodeIgniter.php(499): CodeIgniter\CodeIgniter->runController(Object(App\Controllers\News))
#9 /opt/lampp/htdocs/pankaj/company_x/vendor/codeigniter4/framework/system/CodeIgniter.php(368): CodeIgniter\CodeIgniter->handleRequest(NULL, Object(Config\Cache), false)
#10 /opt/lampp/htdocs/pankaj/company_x/index.php(67): CodeIgniter\CodeIgniter->run()
#11 {main}
CRITICAL - 2023-09-21 08:16:44 --> Unable to connect to the database.
Main connection [MySQLi]: Access denied for user '****'@'localhost' (using password: YES)
in SYSTEMPATH/Database/BaseConnection.php on line 427.
 1 SYSTEMPATH/Database/BaseConnection.php(573): CodeIgniter\Database\BaseConnection->initialize()
 2 SYSTEMPATH/Database/BaseBuilder.php(1602): CodeIgniter\Database\BaseConnection->query('SELECT *
FROM `news`', [], false)
 3 SYSTEMPATH/Model.php(240): CodeIgniter\Database\BaseBuilder->get()
 4 SYSTEMPATH/BaseModel.php(618): CodeIgniter\Model->doFindAll(0, 0)
 5 APPPATH/Models/NewsModel.php(14): CodeIgniter\BaseModel->findAll()
 6 APPPATH/Controllers/News.php(15): App\Models\NewsModel->getNews()
 7 SYSTEMPATH/CodeIgniter.php(934): App\Controllers\News->index()
 8 SYSTEMPATH/CodeIgniter.php(499): CodeIgniter\CodeIgniter->runController(Object(App\Controllers\News))
 9 SYSTEMPATH/CodeIgniter.php(368): CodeIgniter\CodeIgniter->handleRequest(null, Object(Config\Cache), false)
10 FCPATH/index.php(67): CodeIgniter\CodeIgniter->run()
ERROR - 2023-09-21 08:23:05 --> Error connecting to the database: mysqli_sql_exception: Access denied for user 'root'@'localhost' (using password: YES) in /opt/lampp/htdocs/pankaj/company_x/vendor/codeigniter4/framework/system/Database/MySQLi/Connection.php:174
Stack trace:
#0 /opt/lampp/htdocs/pankaj/company_x/vendor/codeigniter4/framework/system/Database/MySQLi/Connection.php(174): mysqli->real_connect('localhost', 'root', 'root', 'company_x', 3306, '', 0)
#1 /opt/lampp/htdocs/pankaj/company_x/vendor/codeigniter4/framework/system/Database/BaseConnection.php(391): CodeIgniter\Database\MySQLi\Connection->connect(false)
#2 /opt/lampp/htdocs/pankaj/company_x/vendor/codeigniter4/framework/system/Database/BaseConnection.php(573): CodeIgniter\Database\BaseConnection->initialize()
#3 /opt/lampp/htdocs/pankaj/company_x/vendor/codeigniter4/framework/system/Database/BaseBuilder.php(1602): CodeIgniter\Database\BaseConnection->query('SELECT *\nFROM `...', Array, false)
#4 /opt/lampp/htdocs/pankaj/company_x/vendor/codeigniter4/framework/system/Model.php(240): CodeIgniter\Database\BaseBuilder->get()
#5 /opt/lampp/htdocs/pankaj/company_x/vendor/codeigniter4/framework/system/BaseModel.php(618): CodeIgniter\Model->doFindAll(0, 0)
#6 /opt/lampp/htdocs/pankaj/company_x/app/Models/NewsModel.php(14): CodeIgniter\BaseModel->findAll()
#7 /opt/lampp/htdocs/pankaj/company_x/app/Controllers/News.php(15): App\Models\NewsModel->getNews()
#8 /opt/lampp/htdocs/pankaj/company_x/vendor/codeigniter4/framework/system/CodeIgniter.php(934): App\Controllers\News->index()
#9 /opt/lampp/htdocs/pankaj/company_x/vendor/codeigniter4/framework/system/CodeIgniter.php(499): CodeIgniter\CodeIgniter->runController(Object(App\Controllers\News))
#10 /opt/lampp/htdocs/pankaj/company_x/vendor/codeigniter4/framework/system/CodeIgniter.php(368): CodeIgniter\CodeIgniter->handleRequest(NULL, Object(Config\Cache), false)
#11 /opt/lampp/htdocs/pankaj/company_x/index.php(67): CodeIgniter\CodeIgniter->run()
#12 {main}

Next CodeIgniter\Database\Exceptions\DatabaseException: Access denied for user '****'@'localhost' (using password: YES) in /opt/lampp/htdocs/pankaj/company_x/vendor/codeigniter4/framework/system/Database/MySQLi/Connection.php:218
Stack trace:
#0 /opt/lampp/htdocs/pankaj/company_x/vendor/codeigniter4/framework/system/Database/BaseConnection.php(391): CodeIgniter\Database\MySQLi\Connection->connect(false)
#1 /opt/lampp/htdocs/pankaj/company_x/vendor/codeigniter4/framework/system/Database/BaseConnection.php(573): CodeIgniter\Database\BaseConnection->initialize()
#2 /opt/lampp/htdocs/pankaj/company_x/vendor/codeigniter4/framework/system/Database/BaseBuilder.php(1602): CodeIgniter\Database\BaseConnection->query('SELECT *\nFROM `...', Array, false)
#3 /opt/lampp/htdocs/pankaj/company_x/vendor/codeigniter4/framework/system/Model.php(240): CodeIgniter\Database\BaseBuilder->get()
#4 /opt/lampp/htdocs/pankaj/company_x/vendor/codeigniter4/framework/system/BaseModel.php(618): CodeIgniter\Model->doFindAll(0, 0)
#5 /opt/lampp/htdocs/pankaj/company_x/app/Models/NewsModel.php(14): CodeIgniter\BaseModel->findAll()
#6 /opt/lampp/htdocs/pankaj/company_x/app/Controllers/News.php(15): App\Models\NewsModel->getNews()
#7 /opt/lampp/htdocs/pankaj/company_x/vendor/codeigniter4/framework/system/CodeIgniter.php(934): App\Controllers\News->index()
#8 /opt/lampp/htdocs/pankaj/company_x/vendor/codeigniter4/framework/system/CodeIgniter.php(499): CodeIgniter\CodeIgniter->runController(Object(App\Controllers\News))
#9 /opt/lampp/htdocs/pankaj/company_x/vendor/codeigniter4/framework/system/CodeIgniter.php(368): CodeIgniter\CodeIgniter->handleRequest(NULL, Object(Config\Cache), false)
#10 /opt/lampp/htdocs/pankaj/company_x/index.php(67): CodeIgniter\CodeIgniter->run()
#11 {main}
CRITICAL - 2023-09-21 08:23:05 --> Unable to connect to the database.
Main connection [MySQLi]: Access denied for user '****'@'localhost' (using password: YES)
in SYSTEMPATH/Database/BaseConnection.php on line 427.
 1 SYSTEMPATH/Database/BaseConnection.php(573): CodeIgniter\Database\BaseConnection->initialize()
 2 SYSTEMPATH/Database/BaseBuilder.php(1602): CodeIgniter\Database\BaseConnection->query('SELECT *
FROM `news`', [], false)
 3 SYSTEMPATH/Model.php(240): CodeIgniter\Database\BaseBuilder->get()
 4 SYSTEMPATH/BaseModel.php(618): CodeIgniter\Model->doFindAll(0, 0)
 5 APPPATH/Models/NewsModel.php(14): CodeIgniter\BaseModel->findAll()
 6 APPPATH/Controllers/News.php(15): App\Models\NewsModel->getNews()
 7 SYSTEMPATH/CodeIgniter.php(934): App\Controllers\News->index()
 8 SYSTEMPATH/CodeIgniter.php(499): CodeIgniter\CodeIgniter->runController(Object(App\Controllers\News))
 9 SYSTEMPATH/CodeIgniter.php(368): CodeIgniter\CodeIgniter->handleRequest(null, Object(Config\Cache), false)
10 FCPATH/index.php(67): CodeIgniter\CodeIgniter->run()
ERROR - 2023-09-21 08:23:06 --> Error connecting to the database: mysqli_sql_exception: Access denied for user 'root'@'localhost' (using password: YES) in /opt/lampp/htdocs/pankaj/company_x/vendor/codeigniter4/framework/system/Database/MySQLi/Connection.php:174
Stack trace:
#0 /opt/lampp/htdocs/pankaj/company_x/vendor/codeigniter4/framework/system/Database/MySQLi/Connection.php(174): mysqli->real_connect('localhost', 'root', 'root', 'company_x', 3306, '', 0)
#1 /opt/lampp/htdocs/pankaj/company_x/vendor/codeigniter4/framework/system/Database/BaseConnection.php(391): CodeIgniter\Database\MySQLi\Connection->connect(false)
#2 /opt/lampp/htdocs/pankaj/company_x/vendor/codeigniter4/framework/system/Database/BaseConnection.php(573): CodeIgniter\Database\BaseConnection->initialize()
#3 /opt/lampp/htdocs/pankaj/company_x/vendor/codeigniter4/framework/system/Database/BaseBuilder.php(1602): CodeIgniter\Database\BaseConnection->query('SELECT *\nFROM `...', Array, false)
#4 /opt/lampp/htdocs/pankaj/company_x/vendor/codeigniter4/framework/system/Model.php(240): CodeIgniter\Database\BaseBuilder->get()
#5 /opt/lampp/htdocs/pankaj/company_x/vendor/codeigniter4/framework/system/BaseModel.php(618): CodeIgniter\Model->doFindAll(0, 0)
#6 /opt/lampp/htdocs/pankaj/company_x/app/Models/NewsModel.php(14): CodeIgniter\BaseModel->findAll()
#7 /opt/lampp/htdocs/pankaj/company_x/app/Controllers/News.php(15): App\Models\NewsModel->getNews()
#8 /opt/lampp/htdocs/pankaj/company_x/vendor/codeigniter4/framework/system/CodeIgniter.php(934): App\Controllers\News->index()
#9 /opt/lampp/htdocs/pankaj/company_x/vendor/codeigniter4/framework/system/CodeIgniter.php(499): CodeIgniter\CodeIgniter->runController(Object(App\Controllers\News))
#10 /opt/lampp/htdocs/pankaj/company_x/vendor/codeigniter4/framework/system/CodeIgniter.php(368): CodeIgniter\CodeIgniter->handleRequest(NULL, Object(Config\Cache), false)
#11 /opt/lampp/htdocs/pankaj/company_x/index.php(67): CodeIgniter\CodeIgniter->run()
#12 {main}

Next CodeIgniter\Database\Exceptions\DatabaseException: Access denied for user '****'@'localhost' (using password: YES) in /opt/lampp/htdocs/pankaj/company_x/vendor/codeigniter4/framework/system/Database/MySQLi/Connection.php:218
Stack trace:
#0 /opt/lampp/htdocs/pankaj/company_x/vendor/codeigniter4/framework/system/Database/BaseConnection.php(391): CodeIgniter\Database\MySQLi\Connection->connect(false)
#1 /opt/lampp/htdocs/pankaj/company_x/vendor/codeigniter4/framework/system/Database/BaseConnection.php(573): CodeIgniter\Database\BaseConnection->initialize()
#2 /opt/lampp/htdocs/pankaj/company_x/vendor/codeigniter4/framework/system/Database/BaseBuilder.php(1602): CodeIgniter\Database\BaseConnection->query('SELECT *\nFROM `...', Array, false)
#3 /opt/lampp/htdocs/pankaj/company_x/vendor/codeigniter4/framework/system/Model.php(240): CodeIgniter\Database\BaseBuilder->get()
#4 /opt/lampp/htdocs/pankaj/company_x/vendor/codeigniter4/framework/system/BaseModel.php(618): CodeIgniter\Model->doFindAll(0, 0)
#5 /opt/lampp/htdocs/pankaj/company_x/app/Models/NewsModel.php(14): CodeIgniter\BaseModel->findAll()
#6 /opt/lampp/htdocs/pankaj/company_x/app/Controllers/News.php(15): App\Models\NewsModel->getNews()
#7 /opt/lampp/htdocs/pankaj/company_x/vendor/codeigniter4/framework/system/CodeIgniter.php(934): App\Controllers\News->index()
#8 /opt/lampp/htdocs/pankaj/company_x/vendor/codeigniter4/framework/system/CodeIgniter.php(499): CodeIgniter\CodeIgniter->runController(Object(App\Controllers\News))
#9 /opt/lampp/htdocs/pankaj/company_x/vendor/codeigniter4/framework/system/CodeIgniter.php(368): CodeIgniter\CodeIgniter->handleRequest(NULL, Object(Config\Cache), false)
#10 /opt/lampp/htdocs/pankaj/company_x/index.php(67): CodeIgniter\CodeIgniter->run()
#11 {main}
CRITICAL - 2023-09-21 08:23:06 --> Unable to connect to the database.
Main connection [MySQLi]: Access denied for user '****'@'localhost' (using password: YES)
in SYSTEMPATH/Database/BaseConnection.php on line 427.
 1 SYSTEMPATH/Database/BaseConnection.php(573): CodeIgniter\Database\BaseConnection->initialize()
 2 SYSTEMPATH/Database/BaseBuilder.php(1602): CodeIgniter\Database\BaseConnection->query('SELECT *
FROM `news`', [], false)
 3 SYSTEMPATH/Model.php(240): CodeIgniter\Database\BaseBuilder->get()
 4 SYSTEMPATH/BaseModel.php(618): CodeIgniter\Model->doFindAll(0, 0)
 5 APPPATH/Models/NewsModel.php(14): CodeIgniter\BaseModel->findAll()
 6 APPPATH/Controllers/News.php(15): App\Models\NewsModel->getNews()
 7 SYSTEMPATH/CodeIgniter.php(934): App\Controllers\News->index()
 8 SYSTEMPATH/CodeIgniter.php(499): CodeIgniter\CodeIgniter->runController(Object(App\Controllers\News))
 9 SYSTEMPATH/CodeIgniter.php(368): CodeIgniter\CodeIgniter->handleRequest(null, Object(Config\Cache), false)
10 FCPATH/index.php(67): CodeIgniter\CodeIgniter->run()
ERROR - 2023-09-21 08:23:07 --> Error connecting to the database: mysqli_sql_exception: Access denied for user 'root'@'localhost' (using password: YES) in /opt/lampp/htdocs/pankaj/company_x/vendor/codeigniter4/framework/system/Database/MySQLi/Connection.php:174
Stack trace:
#0 /opt/lampp/htdocs/pankaj/company_x/vendor/codeigniter4/framework/system/Database/MySQLi/Connection.php(174): mysqli->real_connect('localhost', 'root', 'root', 'company_x', 3306, '', 0)
#1 /opt/lampp/htdocs/pankaj/company_x/vendor/codeigniter4/framework/system/Database/BaseConnection.php(391): CodeIgniter\Database\MySQLi\Connection->connect(false)
#2 /opt/lampp/htdocs/pankaj/company_x/vendor/codeigniter4/framework/system/Database/BaseConnection.php(573): CodeIgniter\Database\BaseConnection->initialize()
#3 /opt/lampp/htdocs/pankaj/company_x/vendor/codeigniter4/framework/system/Database/BaseBuilder.php(1602): CodeIgniter\Database\BaseConnection->query('SELECT *\nFROM `...', Array, false)
#4 /opt/lampp/htdocs/pankaj/company_x/vendor/codeigniter4/framework/system/Model.php(240): CodeIgniter\Database\BaseBuilder->get()
#5 /opt/lampp/htdocs/pankaj/company_x/vendor/codeigniter4/framework/system/BaseModel.php(618): CodeIgniter\Model->doFindAll(0, 0)
#6 /opt/lampp/htdocs/pankaj/company_x/app/Models/NewsModel.php(14): CodeIgniter\BaseModel->findAll()
#7 /opt/lampp/htdocs/pankaj/company_x/app/Controllers/News.php(15): App\Models\NewsModel->getNews()
#8 /opt/lampp/htdocs/pankaj/company_x/vendor/codeigniter4/framework/system/CodeIgniter.php(934): App\Controllers\News->index()
#9 /opt/lampp/htdocs/pankaj/company_x/vendor/codeigniter4/framework/system/CodeIgniter.php(499): CodeIgniter\CodeIgniter->runController(Object(App\Controllers\News))
#10 /opt/lampp/htdocs/pankaj/company_x/vendor/codeigniter4/framework/system/CodeIgniter.php(368): CodeIgniter\CodeIgniter->handleRequest(NULL, Object(Config\Cache), false)
#11 /opt/lampp/htdocs/pankaj/company_x/index.php(67): CodeIgniter\CodeIgniter->run()
#12 {main}

Next CodeIgniter\Database\Exceptions\DatabaseException: Access denied for user '****'@'localhost' (using password: YES) in /opt/lampp/htdocs/pankaj/company_x/vendor/codeigniter4/framework/system/Database/MySQLi/Connection.php:218
Stack trace:
#0 /opt/lampp/htdocs/pankaj/company_x/vendor/codeigniter4/framework/system/Database/BaseConnection.php(391): CodeIgniter\Database\MySQLi\Connection->connect(false)
#1 /opt/lampp/htdocs/pankaj/company_x/vendor/codeigniter4/framework/system/Database/BaseConnection.php(573): CodeIgniter\Database\BaseConnection->initialize()
#2 /opt/lampp/htdocs/pankaj/company_x/vendor/codeigniter4/framework/system/Database/BaseBuilder.php(1602): CodeIgniter\Database\BaseConnection->query('SELECT *\nFROM `...', Array, false)
#3 /opt/lampp/htdocs/pankaj/company_x/vendor/codeigniter4/framework/system/Model.php(240): CodeIgniter\Database\BaseBuilder->get()
#4 /opt/lampp/htdocs/pankaj/company_x/vendor/codeigniter4/framework/system/BaseModel.php(618): CodeIgniter\Model->doFindAll(0, 0)
#5 /opt/lampp/htdocs/pankaj/company_x/app/Models/NewsModel.php(14): CodeIgniter\BaseModel->findAll()
#6 /opt/lampp/htdocs/pankaj/company_x/app/Controllers/News.php(15): App\Models\NewsModel->getNews()
#7 /opt/lampp/htdocs/pankaj/company_x/vendor/codeigniter4/framework/system/CodeIgniter.php(934): App\Controllers\News->index()
#8 /opt/lampp/htdocs/pankaj/company_x/vendor/codeigniter4/framework/system/CodeIgniter.php(499): CodeIgniter\CodeIgniter->runController(Object(App\Controllers\News))
#9 /opt/lampp/htdocs/pankaj/company_x/vendor/codeigniter4/framework/system/CodeIgniter.php(368): CodeIgniter\CodeIgniter->handleRequest(NULL, Object(Config\Cache), false)
#10 /opt/lampp/htdocs/pankaj/company_x/index.php(67): CodeIgniter\CodeIgniter->run()
#11 {main}
CRITICAL - 2023-09-21 08:23:07 --> Unable to connect to the database.
Main connection [MySQLi]: Access denied for user '****'@'localhost' (using password: YES)
in SYSTEMPATH/Database/BaseConnection.php on line 427.
 1 SYSTEMPATH/Database/BaseConnection.php(573): CodeIgniter\Database\BaseConnection->initialize()
 2 SYSTEMPATH/Database/BaseBuilder.php(1602): CodeIgniter\Database\BaseConnection->query('SELECT *
FROM `news`', [], false)
 3 SYSTEMPATH/Model.php(240): CodeIgniter\Database\BaseBuilder->get()
 4 SYSTEMPATH/BaseModel.php(618): CodeIgniter\Model->doFindAll(0, 0)
 5 APPPATH/Models/NewsModel.php(14): CodeIgniter\BaseModel->findAll()
 6 APPPATH/Controllers/News.php(15): App\Models\NewsModel->getNews()
 7 SYSTEMPATH/CodeIgniter.php(934): App\Controllers\News->index()
 8 SYSTEMPATH/CodeIgniter.php(499): CodeIgniter\CodeIgniter->runController(Object(App\Controllers\News))
 9 SYSTEMPATH/CodeIgniter.php(368): CodeIgniter\CodeIgniter->handleRequest(null, Object(Config\Cache), false)
10 FCPATH/index.php(67): CodeIgniter\CodeIgniter->run()
ERROR - 2023-09-21 08:23:07 --> Error connecting to the database: mysqli_sql_exception: Access denied for user 'root'@'localhost' (using password: YES) in /opt/lampp/htdocs/pankaj/company_x/vendor/codeigniter4/framework/system/Database/MySQLi/Connection.php:174
Stack trace:
#0 /opt/lampp/htdocs/pankaj/company_x/vendor/codeigniter4/framework/system/Database/MySQLi/Connection.php(174): mysqli->real_connect('localhost', 'root', 'root', 'company_x', 3306, '', 0)
#1 /opt/lampp/htdocs/pankaj/company_x/vendor/codeigniter4/framework/system/Database/BaseConnection.php(391): CodeIgniter\Database\MySQLi\Connection->connect(false)
#2 /opt/lampp/htdocs/pankaj/company_x/vendor/codeigniter4/framework/system/Database/BaseConnection.php(573): CodeIgniter\Database\BaseConnection->initialize()
#3 /opt/lampp/htdocs/pankaj/company_x/vendor/codeigniter4/framework/system/Database/BaseBuilder.php(1602): CodeIgniter\Database\BaseConnection->query('SELECT *\nFROM `...', Array, false)
#4 /opt/lampp/htdocs/pankaj/company_x/vendor/codeigniter4/framework/system/Model.php(240): CodeIgniter\Database\BaseBuilder->get()
#5 /opt/lampp/htdocs/pankaj/company_x/vendor/codeigniter4/framework/system/BaseModel.php(618): CodeIgniter\Model->doFindAll(0, 0)
#6 /opt/lampp/htdocs/pankaj/company_x/app/Models/NewsModel.php(14): CodeIgniter\BaseModel->findAll()
#7 /opt/lampp/htdocs/pankaj/company_x/app/Controllers/News.php(15): App\Models\NewsModel->getNews()
#8 /opt/lampp/htdocs/pankaj/company_x/vendor/codeigniter4/framework/system/CodeIgniter.php(934): App\Controllers\News->index()
#9 /opt/lampp/htdocs/pankaj/company_x/vendor/codeigniter4/framework/system/CodeIgniter.php(499): CodeIgniter\CodeIgniter->runController(Object(App\Controllers\News))
#10 /opt/lampp/htdocs/pankaj/company_x/vendor/codeigniter4/framework/system/CodeIgniter.php(368): CodeIgniter\CodeIgniter->handleRequest(NULL, Object(Config\Cache), false)
#11 /opt/lampp/htdocs/pankaj/company_x/index.php(67): CodeIgniter\CodeIgniter->run()
#12 {main}

Next CodeIgniter\Database\Exceptions\DatabaseException: Access denied for user '****'@'localhost' (using password: YES) in /opt/lampp/htdocs/pankaj/company_x/vendor/codeigniter4/framework/system/Database/MySQLi/Connection.php:218
Stack trace:
#0 /opt/lampp/htdocs/pankaj/company_x/vendor/codeigniter4/framework/system/Database/BaseConnection.php(391): CodeIgniter\Database\MySQLi\Connection->connect(false)
#1 /opt/lampp/htdocs/pankaj/company_x/vendor/codeigniter4/framework/system/Database/BaseConnection.php(573): CodeIgniter\Database\BaseConnection->initialize()
#2 /opt/lampp/htdocs/pankaj/company_x/vendor/codeigniter4/framework/system/Database/BaseBuilder.php(1602): CodeIgniter\Database\BaseConnection->query('SELECT *\nFROM `...', Array, false)
#3 /opt/lampp/htdocs/pankaj/company_x/vendor/codeigniter4/framework/system/Model.php(240): CodeIgniter\Database\BaseBuilder->get()
#4 /opt/lampp/htdocs/pankaj/company_x/vendor/codeigniter4/framework/system/BaseModel.php(618): CodeIgniter\Model->doFindAll(0, 0)
#5 /opt/lampp/htdocs/pankaj/company_x/app/Models/NewsModel.php(14): CodeIgniter\BaseModel->findAll()
#6 /opt/lampp/htdocs/pankaj/company_x/app/Controllers/News.php(15): App\Models\NewsModel->getNews()
#7 /opt/lampp/htdocs/pankaj/company_x/vendor/codeigniter4/framework/system/CodeIgniter.php(934): App\Controllers\News->index()
#8 /opt/lampp/htdocs/pankaj/company_x/vendor/codeigniter4/framework/system/CodeIgniter.php(499): CodeIgniter\CodeIgniter->runController(Object(App\Controllers\News))
#9 /opt/lampp/htdocs/pankaj/company_x/vendor/codeigniter4/framework/system/CodeIgniter.php(368): CodeIgniter\CodeIgniter->handleRequest(NULL, Object(Config\Cache), false)
#10 /opt/lampp/htdocs/pankaj/company_x/index.php(67): CodeIgniter\CodeIgniter->run()
#11 {main}
CRITICAL - 2023-09-21 08:23:07 --> Unable to connect to the database.
Main connection [MySQLi]: Access denied for user '****'@'localhost' (using password: YES)
in SYSTEMPATH/Database/BaseConnection.php on line 427.
 1 SYSTEMPATH/Database/BaseConnection.php(573): CodeIgniter\Database\BaseConnection->initialize()
 2 SYSTEMPATH/Database/BaseBuilder.php(1602): CodeIgniter\Database\BaseConnection->query('SELECT *
FROM `news`', [], false)
 3 SYSTEMPATH/Model.php(240): CodeIgniter\Database\BaseBuilder->get()
 4 SYSTEMPATH/BaseModel.php(618): CodeIgniter\Model->doFindAll(0, 0)
 5 APPPATH/Models/NewsModel.php(14): CodeIgniter\BaseModel->findAll()
 6 APPPATH/Controllers/News.php(15): App\Models\NewsModel->getNews()
 7 SYSTEMPATH/CodeIgniter.php(934): App\Controllers\News->index()
 8 SYSTEMPATH/CodeIgniter.php(499): CodeIgniter\CodeIgniter->runController(Object(App\Controllers\News))
 9 SYSTEMPATH/CodeIgniter.php(368): CodeIgniter\CodeIgniter->handleRequest(null, Object(Config\Cache), false)
10 FCPATH/index.php(67): CodeIgniter\CodeIgniter->run()
ERROR - 2023-09-21 08:23:07 --> Error connecting to the database: mysqli_sql_exception: Access denied for user 'root'@'localhost' (using password: YES) in /opt/lampp/htdocs/pankaj/company_x/vendor/codeigniter4/framework/system/Database/MySQLi/Connection.php:174
Stack trace:
#0 /opt/lampp/htdocs/pankaj/company_x/vendor/codeigniter4/framework/system/Database/MySQLi/Connection.php(174): mysqli->real_connect('localhost', 'root', 'root', 'company_x', 3306, '', 0)
#1 /opt/lampp/htdocs/pankaj/company_x/vendor/codeigniter4/framework/system/Database/BaseConnection.php(391): CodeIgniter\Database\MySQLi\Connection->connect(false)
#2 /opt/lampp/htdocs/pankaj/company_x/vendor/codeigniter4/framework/system/Database/BaseConnection.php(573): CodeIgniter\Database\BaseConnection->initialize()
#3 /opt/lampp/htdocs/pankaj/company_x/vendor/codeigniter4/framework/system/Database/BaseBuilder.php(1602): CodeIgniter\Database\BaseConnection->query('SELECT *\nFROM `...', Array, false)
#4 /opt/lampp/htdocs/pankaj/company_x/vendor/codeigniter4/framework/system/Model.php(240): CodeIgniter\Database\BaseBuilder->get()
#5 /opt/lampp/htdocs/pankaj/company_x/vendor/codeigniter4/framework/system/BaseModel.php(618): CodeIgniter\Model->doFindAll(0, 0)
#6 /opt/lampp/htdocs/pankaj/company_x/app/Models/NewsModel.php(14): CodeIgniter\BaseModel->findAll()
#7 /opt/lampp/htdocs/pankaj/company_x/app/Controllers/News.php(15): App\Models\NewsModel->getNews()
#8 /opt/lampp/htdocs/pankaj/company_x/vendor/codeigniter4/framework/system/CodeIgniter.php(934): App\Controllers\News->index()
#9 /opt/lampp/htdocs/pankaj/company_x/vendor/codeigniter4/framework/system/CodeIgniter.php(499): CodeIgniter\CodeIgniter->runController(Object(App\Controllers\News))
#10 /opt/lampp/htdocs/pankaj/company_x/vendor/codeigniter4/framework/system/CodeIgniter.php(368): CodeIgniter\CodeIgniter->handleRequest(NULL, Object(Config\Cache), false)
#11 /opt/lampp/htdocs/pankaj/company_x/index.php(67): CodeIgniter\CodeIgniter->run()
#12 {main}

Next CodeIgniter\Database\Exceptions\DatabaseException: Access denied for user '****'@'localhost' (using password: YES) in /opt/lampp/htdocs/pankaj/company_x/vendor/codeigniter4/framework/system/Database/MySQLi/Connection.php:218
Stack trace:
#0 /opt/lampp/htdocs/pankaj/company_x/vendor/codeigniter4/framework/system/Database/BaseConnection.php(391): CodeIgniter\Database\MySQLi\Connection->connect(false)
#1 /opt/lampp/htdocs/pankaj/company_x/vendor/codeigniter4/framework/system/Database/BaseConnection.php(573): CodeIgniter\Database\BaseConnection->initialize()
#2 /opt/lampp/htdocs/pankaj/company_x/vendor/codeigniter4/framework/system/Database/BaseBuilder.php(1602): CodeIgniter\Database\BaseConnection->query('SELECT *\nFROM `...', Array, false)
#3 /opt/lampp/htdocs/pankaj/company_x/vendor/codeigniter4/framework/system/Model.php(240): CodeIgniter\Database\BaseBuilder->get()
#4 /opt/lampp/htdocs/pankaj/company_x/vendor/codeigniter4/framework/system/BaseModel.php(618): CodeIgniter\Model->doFindAll(0, 0)
#5 /opt/lampp/htdocs/pankaj/company_x/app/Models/NewsModel.php(14): CodeIgniter\BaseModel->findAll()
#6 /opt/lampp/htdocs/pankaj/company_x/app/Controllers/News.php(15): App\Models\NewsModel->getNews()
#7 /opt/lampp/htdocs/pankaj/company_x/vendor/codeigniter4/framework/system/CodeIgniter.php(934): App\Controllers\News->index()
#8 /opt/lampp/htdocs/pankaj/company_x/vendor/codeigniter4/framework/system/CodeIgniter.php(499): CodeIgniter\CodeIgniter->runController(Object(App\Controllers\News))
#9 /opt/lampp/htdocs/pankaj/company_x/vendor/codeigniter4/framework/system/CodeIgniter.php(368): CodeIgniter\CodeIgniter->handleRequest(NULL, Object(Config\Cache), false)
#10 /opt/lampp/htdocs/pankaj/company_x/index.php(67): CodeIgniter\CodeIgniter->run()
#11 {main}
CRITICAL - 2023-09-21 08:23:07 --> Unable to connect to the database.
Main connection [MySQLi]: Access denied for user '****'@'localhost' (using password: YES)
in SYSTEMPATH/Database/BaseConnection.php on line 427.
 1 SYSTEMPATH/Database/BaseConnection.php(573): CodeIgniter\Database\BaseConnection->initialize()
 2 SYSTEMPATH/Database/BaseBuilder.php(1602): CodeIgniter\Database\BaseConnection->query('SELECT *
FROM `news`', [], false)
 3 SYSTEMPATH/Model.php(240): CodeIgniter\Database\BaseBuilder->get()
 4 SYSTEMPATH/BaseModel.php(618): CodeIgniter\Model->doFindAll(0, 0)
 5 APPPATH/Models/NewsModel.php(14): CodeIgniter\BaseModel->findAll()
 6 APPPATH/Controllers/News.php(15): App\Models\NewsModel->getNews()
 7 SYSTEMPATH/CodeIgniter.php(934): App\Controllers\News->index()
 8 SYSTEMPATH/CodeIgniter.php(499): CodeIgniter\CodeIgniter->runController(Object(App\Controllers\News))
 9 SYSTEMPATH/CodeIgniter.php(368): CodeIgniter\CodeIgniter->handleRequest(null, Object(Config\Cache), false)
10 FCPATH/index.php(67): CodeIgniter\CodeIgniter->run()
